<?xml version="1.0" encoding="UTF-8"?>
<testsuite name="org.example.CalculatorTest" tests="4" skipped="0" failures="0" errors="0" timestamp="2026-08-31T08:22:01.485Z" hostname="DESKTOP-M7MEUNO" time="0.017">
  <properties/>
  <testcase name="subtract()" classname="org.example.CalculatorTest" time="0.002"/>
  <testcase name="divide()" classname="org.example.CalculatorTest" time="0.004"/>
  <testcase name="add()" classname="org.example.CalculatorTest" time="0.002"/>
  <testcase name="multiply()" classname="org.example.CalculatorTest" time="0.002"/>
  <system-out><![CDATA[]]></system-out>
  <system-err><![CDATA[]]></system-err>
</testsuite>
